Arguments: 
  C:\Program Files\nodejs\node.exe C:\Users\kangthink\AppData\Roaming\npm\node_modules\yarn\bin\yarn.js

PATH: 
  C:\Program Files\Git\mingw64\bin;C:\Program Files\Git\usr\bin;C:\Users\kangthink\bin;C:\Program Files\Git\mingw64\bin;C:\Program Files\Git\usr\bin;C:\Users\kangthink\bin;C:\Program Files\Git\mingw64\bin;C:\Program Files\Git\usr\bin;C:\Users\kangthink\bin;C:\Program Files (x86)\Windows Resource Kits\Tools;C:\Program Files (x86)\Intel\iCLS Client;C:\Program Files\Intel\iCLS Client;C:\Windows\system32;C:\Windows;C:\Windows\System32\Wbem;C:\Windows\System32\WindowsPowerShell\v1.0;C:\Program Files (x86)\Intel\Intel(R) Management Engine Components\DAL;C:\Program Files\Intel\Intel(R) Management Engine Components\DAL;C:\Program Files (x86)\Intel\Intel(R) Management Engine Components\IPT;C:\Program Files\Intel\Intel(R) Management Engine Components\IPT;C:\Program Files (x86)\NVIDIA Corporation\PhysX\Common;C:\WINDOWS\system32;C:\WINDOWS;C:\WINDOWS\System32\Wbem;C:\WINDOWS\System32\WindowsPowerShell\v1.0;C:\WINDOWS\System32\OpenSSH;C:\Program Files\nodejs;C:\Program Files\Git\cmd;C:\Users\kangthink\AppData\Local\Microsoft\WindowsApps;C:\Users\kangthink\AppData\Local\Programs\Microsoft VS Code\bin;C:\Users\kangthink\AppData\Roaming\npm;C:\Users\kangthink\Desktop\workspace\flutter\bin

Yarn version: 
  1.21.1

Node version: 
  10.14.2

Platform: 
  win32 x64

Trace: 
  SyntaxError: C:\Users\kangthink\Desktop\workspace\kangthink\tmp-vue-com\package.json: Unexpected end of JSON input
      at JSON.parse (<anonymous>)
      at C:\Users\kangthink\AppData\Roaming\npm\node_modules\yarn\lib\cli.js:1625:59
      at Generator.next (<anonymous>)
      at step (C:\Users\kangthink\AppData\Roaming\npm\node_modules\yarn\lib\cli.js:310:30)
      at C:\Users\kangthink\AppData\Roaming\npm\node_modules\yarn\lib\cli.js:321:13

npm manifest: 
  

yarn manifest: 
  No manifest

Lockfile: 
  No lockfile
